2020-07-26 00:00:01,632 INFO 5312 [egg-logrotator] app logger reload: got log-reload message
2020-07-27 08:47:05,343 INFO 2132 [egg:logger] init all loggers with options: {"dir":"C:\\Users\\Administrator\\Desktop\\shang\\server\\logs\\server","encoding":"utf8","env":"local","level":"INFO","consoleLevel":"INFO","disableConsoleAfterReady":false,"outputJSON":false,"buffer":true,"appLogName":"server-web.log","coreLogName":"egg-web.log","agentLogName":"egg-agent.log","errorLogName":"common-error.log","coreLogger":{"consoleLevel":"WARN"},"allowDebugAtProd":false,"type":"application"}
2020-07-27 08:47:07,061 INFO 2132 [egg-multipart] stream mode enable
2020-07-27 08:47:25,894 INFO 2132 [egg-mongoose] connecting mongodb://127.0.0.1/shoppingMall
2020-07-27 08:47:47,338 INFO 2132 [egg-static] starting static serve /public/ -> C:\Users\Administrator\Desktop\shang\server\app\public
2020-07-27 08:47:47,407 INFO 2132 [egg-security] use methodnoallow middleware
2020-07-27 08:47:47,410 INFO 2132 [egg-security] use noopen middleware
2020-07-27 08:47:47,413 INFO 2132 [egg-security] use nosniff middleware
2020-07-27 08:47:47,416 INFO 2132 [egg-security] use xssProtection middleware
2020-07-27 08:47:47,418 INFO 2132 [egg-security] use xframe middleware
2020-07-27 08:47:47,421 INFO 2132 [egg-security] use dta middleware
2020-07-27 08:47:47,421 INFO 2132 [egg-security] compose 6 middlewares into one security middleware
2020-07-27 08:47:48,239 INFO 2132 [egg:core] dump config after load, 648ms
2020-07-27 08:47:49,367 INFO 2132 [egg-mongoose] starting...
2020-07-27 08:47:50,142 INFO 2132 [egg-watcher:application] watcher start success
2020-07-27 08:47:50,195 INFO 2132 [egg-mongoose] mongodb://127.0.0.1/shoppingMall connected successfully
2020-07-27 08:47:50,214 INFO 2132 [egg-mongoose] instance[0] start successfully
2020-07-27 08:47:50,393 INFO 2132 [egg:core] dump config after ready, 172ms
2020-07-27 08:47:42,067 INFO 6688 [egg:logger] init all loggers with options: {"dir":"C:\\Users\\Administrator\\Desktop\\shang\\server\\logs\\server","encoding":"utf8","env":"local","level":"INFO","consoleLevel":"INFO","disableConsoleAfterReady":false,"outputJSON":false,"buffer":true,"appLogName":"server-web.log","coreLogName":"egg-web.log","agentLogName":"egg-agent.log","errorLogName":"common-error.log","coreLogger":{"consoleLevel":"WARN"},"allowDebugAtProd":false,"type":"application"}
2020-07-27 08:47:43,043 INFO 6688 [egg-multipart] stream mode enable
2020-07-27 08:47:51,331 INFO 6688 [egg-mongoose] connecting mongodb://127.0.0.1/shoppingMall
2020-07-27 08:48:33,453 INFO 6688 [egg-static] starting static serve /public/ -> C:\Users\Administrator\Desktop\shang\server\app\public
2020-07-27 08:48:33,463 INFO 6688 [egg-security] use methodnoallow middleware
2020-07-27 08:48:33,465 INFO 6688 [egg-security] use noopen middleware
2020-07-27 08:48:33,468 INFO 6688 [egg-security] use nosniff middleware
2020-07-27 08:48:33,471 INFO 6688 [egg-security] use xssProtection middleware
2020-07-27 08:48:33,473 INFO 6688 [egg-security] use xframe middleware
2020-07-27 08:48:33,475 INFO 6688 [egg-security] use dta middleware
2020-07-27 08:48:33,475 INFO 6688 [egg-security] compose 6 middlewares into one security middleware
2020-07-27 08:48:34,607 INFO 6688 [egg:core] dump config after load, 678ms
2020-07-27 08:48:35,373 INFO 6688 [egg-mongoose] starting...
2020-07-27 08:48:37,081 INFO 6688 [egg-mongoose] mongodb://127.0.0.1/shoppingMall connected successfully
2020-07-27 08:48:37,267 INFO 6688 [egg-mongoose] instance[0] start successfully
2020-07-27 08:48:37,360 INFO 6688 [egg-watcher:application] watcher start success
2020-07-27 08:48:39,627 INFO 6688 [egg:core] dump config after ready, 2s
2020-07-27 08:48:55,553 INFO 1440 [egg:logger] init all loggers with options: {"dir":"C:\\Users\\Administrator\\Desktop\\shang\\server\\logs\\server","encoding":"utf8","env":"local","level":"INFO","consoleLevel":"INFO","disableConsoleAfterReady":false,"outputJSON":false,"buffer":true,"appLogName":"server-web.log","coreLogName":"egg-web.log","agentLogName":"egg-agent.log","errorLogName":"common-error.log","coreLogger":{"consoleLevel":"WARN"},"allowDebugAtProd":false,"type":"application"}
2020-07-27 08:48:55,608 INFO 1440 [egg-multipart] stream mode enable
2020-07-27 08:48:56,234 INFO 1440 [egg-mongoose] connecting mongodb://127.0.0.1/shoppingMall
2020-07-27 08:48:56,680 INFO 1440 [egg-static] starting static serve /public/ -> C:\Users\Administrator\Desktop\shang\server\app\public
2020-07-27 08:48:56,685 INFO 1440 [egg-security] use methodnoallow middleware
2020-07-27 08:48:56,686 INFO 1440 [egg-security] use noopen middleware
2020-07-27 08:48:56,688 INFO 1440 [egg-security] use nosniff middleware
2020-07-27 08:48:56,689 INFO 1440 [egg-security] use xssProtection middleware
2020-07-27 08:48:56,690 INFO 1440 [egg-security] use xframe middleware
2020-07-27 08:48:56,691 INFO 1440 [egg-security] use dta middleware
2020-07-27 08:48:56,691 INFO 1440 [egg-security] compose 6 middlewares into one security middleware
2020-07-27 08:48:56,738 INFO 1440 [egg:core] dump config after load, 15ms
2020-07-27 08:48:56,749 INFO 1440 [egg-mongoose] starting...
2020-07-27 08:48:56,855 INFO 1440 [egg-mongoose] mongodb://127.0.0.1/shoppingMall connected successfully
2020-07-27 08:48:56,868 INFO 1440 [egg-mongoose] instance[0] start successfully
2020-07-27 08:48:56,876 INFO 1440 [egg-watcher:application] watcher start success
2020-07-27 08:48:56,901 INFO 1440 [egg:core] dump config after ready, 17ms
2020-07-28 08:41:16,786 INFO 2592 [egg:logger] init all loggers with options: {"dir":"C:\\Users\\Administrator\\Desktop\\shang\\server\\logs\\server","encoding":"utf8","env":"local","level":"INFO","consoleLevel":"INFO","disableConsoleAfterReady":false,"outputJSON":false,"buffer":true,"appLogName":"server-web.log","coreLogName":"egg-web.log","agentLogName":"egg-agent.log","errorLogName":"common-error.log","coreLogger":{"consoleLevel":"WARN"},"allowDebugAtProd":false,"type":"application"}
2020-07-28 08:41:18,133 INFO 2592 [egg-multipart] stream mode enable
2020-07-28 08:41:49,914 INFO 2592 [egg-mongoose] connecting mongodb://127.0.0.1/shoppingMall
2020-07-28 08:42:11,635 INFO 2592 [egg-static] starting static serve /public/ -> C:\Users\Administrator\Desktop\shang\server\app\public
2020-07-28 08:42:11,649 INFO 2592 [egg-security] use methodnoallow middleware
2020-07-28 08:42:11,651 INFO 2592 [egg-security] use noopen middleware
2020-07-28 08:42:11,654 INFO 2592 [egg-security] use nosniff middleware
2020-07-28 08:42:11,656 INFO 2592 [egg-security] use xssProtection middleware
2020-07-28 08:42:11,658 INFO 2592 [egg-security] use xframe middleware
2020-07-28 08:42:11,663 INFO 2592 [egg-security] use dta middleware
2020-07-28 08:42:11,663 INFO 2592 [egg-security] compose 6 middlewares into one security middleware
2020-07-28 08:42:14,561 INFO 2592 [egg:core] dump config after load, 190ms
2020-07-28 08:42:15,990 INFO 2592 [egg-mongoose] starting...
2020-07-28 08:41:40,073 INFO 4388 [egg:logger] init all loggers with options: {"dir":"C:\\Users\\Administrator\\Desktop\\shang\\server\\logs\\server","encoding":"utf8","env":"local","level":"INFO","consoleLevel":"INFO","disableConsoleAfterReady":false,"outputJSON":false,"buffer":true,"appLogName":"server-web.log","coreLogName":"egg-web.log","agentLogName":"egg-agent.log","errorLogName":"common-error.log","coreLogger":{"consoleLevel":"WARN"},"allowDebugAtProd":false,"type":"application"}
2020-07-28 08:41:42,950 INFO 4388 [egg-multipart] stream mode enable
2020-07-28 08:41:51,453 INFO 4388 [egg-mongoose] connecting mongodb://127.0.0.1/shoppingMall
2020-07-28 08:42:11,604 INFO 4388 [egg-static] starting static serve /public/ -> C:\Users\Administrator\Desktop\shang\server\app\public
2020-07-28 08:42:11,614 INFO 4388 [egg-security] use methodnoallow middleware
2020-07-28 08:42:11,617 INFO 4388 [egg-security] use noopen middleware
2020-07-28 08:42:11,620 INFO 4388 [egg-security] use nosniff middleware
2020-07-28 08:42:11,623 INFO 4388 [egg-security] use xssProtection middleware
2020-07-28 08:42:11,668 INFO 4388 [egg-security] use xframe middleware
2020-07-28 08:42:11,677 INFO 4388 [egg-security] use dta middleware
2020-07-28 08:42:11,677 INFO 4388 [egg-security] compose 6 middlewares into one security middleware
2020-07-28 08:42:14,562 INFO 4388 [egg:core] dump config after load, 191ms
2020-07-28 08:42:17,014 INFO 4388 [egg-mongoose] starting...
2020-07-28 08:42:19,500 INFO 4388 [egg-watcher:application] watcher start success
