2020-07-27 08:47:07,058 INFO 2132 [egg-schedule]: register schedule C:\Users\Administrator\Desktop\shang\server\node_modules\egg-multipart\app\schedule\clean_tmpdir.js
2020-07-27 08:47:07,058 INFO 2132 [egg-schedule]: register schedule C:\Users\Administrator\Desktop\shang\server\node_modules\egg-logrotator\app\schedule\clean_log.js
2020-07-27 08:47:07,058 INFO 2132 [egg-schedule]: register schedule C:\Users\Administrator\Desktop\shang\server\node_modules\egg-logrotator\app\schedule\rotate_by_file.js
2020-07-27 08:47:51,045 INFO 5788 [Timer] C:\Users\Administrator\Desktop\shang\server\node_modules\egg-multipart\app\schedule\clean_tmpdir.js next time will execute after 70928965ms at 2020-07-28 04:30:00.010
2020-07-27 08:47:51,047 INFO 5788 [Timer] C:\Users\Administrator\Desktop\shang\server\node_modules\egg-logrotator\app\schedule\clean_log.js next time will execute after 54728955ms at 2020-07-28 00:00:00.002
2020-07-27 08:47:51,049 INFO 5788 [Timer] C:\Users\Administrator\Desktop\shang\server\node_modules\egg-logrotator\app\schedule\rotate_by_file.js next time will execute after 54729953ms at 2020-07-28 00:00:01.002
2020-07-27 08:47:43,031 INFO 6688 [egg-schedule]: register schedule C:\Users\Administrator\Desktop\shang\server\node_modules\egg-multipart\app\schedule\clean_tmpdir.js
2020-07-27 08:47:43,032 INFO 6688 [egg-schedule]: register schedule C:\Users\Administrator\Desktop\shang\server\node_modules\egg-logrotator\app\schedule\clean_log.js
2020-07-27 08:47:43,032 INFO 6688 [egg-schedule]: register schedule C:\Users\Administrator\Desktop\shang\server\node_modules\egg-logrotator\app\schedule\rotate_by_file.js
2020-07-27 08:48:55,607 INFO 1440 [egg-schedule]: register schedule C:\Users\Administrator\Desktop\shang\server\node_modules\egg-multipart\app\schedule\clean_tmpdir.js
2020-07-27 08:48:55,607 INFO 1440 [egg-schedule]: register schedule C:\Users\Administrator\Desktop\shang\server\node_modules\egg-logrotator\app\schedule\clean_log.js
2020-07-27 08:48:55,607 INFO 1440 [egg-schedule]: register schedule C:\Users\Administrator\Desktop\shang\server\node_modules\egg-logrotator\app\schedule\rotate_by_file.js
2020-07-28 08:41:18,130 INFO 2592 [egg-schedule]: register schedule C:\Users\Administrator\Desktop\shang\server\node_modules\egg-multipart\app\schedule\clean_tmpdir.js
2020-07-28 08:41:18,130 INFO 2592 [egg-schedule]: register schedule C:\Users\Administrator\Desktop\shang\server\node_modules\egg-logrotator\app\schedule\clean_log.js
2020-07-28 08:41:18,131 INFO 2592 [egg-schedule]: register schedule C:\Users\Administrator\Desktop\shang\server\node_modules\egg-logrotator\app\schedule\rotate_by_file.js
2020-07-28 08:41:42,947 INFO 4388 [egg-schedule]: register schedule C:\Users\Administrator\Desktop\shang\server\node_modules\egg-multipart\app\schedule\clean_tmpdir.js
2020-07-28 08:41:42,947 INFO 4388 [egg-schedule]: register schedule C:\Users\Administrator\Desktop\shang\server\node_modules\egg-logrotator\app\schedule\clean_log.js
2020-07-28 08:41:42,947 INFO 4388 [egg-schedule]: register schedule C:\Users\Administrator\Desktop\shang\server\node_modules\egg-logrotator\app\schedule\rotate_by_file.js
2020-07-28 08:46:13,698 INFO 1404 [egg-schedule]: register schedule C:\Users\Administrator\Desktop\shang\server\node_modules\egg-multipart\app\schedule\clean_tmpdir.js
2020-07-28 08:46:13,698 INFO 1404 [egg-schedule]: register schedule C:\Users\Administrator\Desktop\shang\server\node_modules\egg-logrotator\app\schedule\clean_log.js
2020-07-28 08:46:13,698 INFO 1404 [egg-schedule]: register schedule C:\Users\Administrator\Desktop\shang\server\node_modules\egg-logrotator\app\schedule\rotate_by_file.js
2020-07-28 08:46:15,523 INFO 5600 [Timer] C:\Users\Administrator\Desktop\shang\server\node_modules\egg-multipart\app\schedule\clean_tmpdir.js next time will execute after 71024484ms at 2020-07-29 04:30:00.007
2020-07-28 08:46:15,525 INFO 5600 [Timer] C:\Users\Administrator\Desktop\shang\server\node_modules\egg-logrotator\app\schedule\clean_log.js next time will execute after 54824476ms at 2020-07-29 00:00:00.001
2020-07-28 08:46:15,526 INFO 5600 [Timer] C:\Users\Administrator\Desktop\shang\server\node_modules\egg-logrotator\app\schedule\rotate_by_file.js next time will execute after 54825475ms at 2020-07-29 00:00:01.001
2020-07-28 17:25:03,127 INFO 15620 [egg-schedule]: register schedule C:\Users\Administrator\Desktop\shang\server\node_modules\egg-multipart\app\schedule\clean_tmpdir.js
2020-07-28 17:25:03,127 INFO 15620 [egg-schedule]: register schedule C:\Users\Administrator\Desktop\shang\server\node_modules\egg-logrotator\app\schedule\clean_log.js
2020-07-28 17:25:03,127 INFO 15620 [egg-schedule]: register schedule C:\Users\Administrator\Desktop\shang\server\node_modules\egg-logrotator\app\schedule\rotate_by_file.js
2020-07-29 08:51:31,326 INFO 7676 [egg-schedule]: register schedule C:\Users\Administrator\Desktop\shang\server\node_modules\egg-multipart\app\schedule\clean_tmpdir.js
2020-07-29 08:51:31,326 INFO 7676 [egg-schedule]: register schedule C:\Users\Administrator\Desktop\shang\server\node_modules\egg-logrotator\app\schedule\clean_log.js
2020-07-29 08:51:31,326 INFO 7676 [egg-schedule]: register schedule C:\Users\Administrator\Desktop\shang\server\node_modules\egg-logrotator\app\schedule\rotate_by_file.js
2020-07-29 08:51:31,315 INFO 2716 [egg-schedule]: register schedule C:\Users\Administrator\Desktop\shang\server\node_modules\egg-multipart\app\schedule\clean_tmpdir.js
2020-07-29 08:51:31,315 INFO 2716 [egg-schedule]: register schedule C:\Users\Administrator\Desktop\shang\server\node_modules\egg-logrotator\app\schedule\clean_log.js
2020-07-29 08:51:31,316 INFO 2716 [egg-schedule]: register schedule C:\Users\Administrator\Desktop\shang\server\node_modules\egg-logrotator\app\schedule\rotate_by_file.js
2020-07-29 08:57:03,834 INFO 8460 [egg-schedule]: register schedule C:\Users\Administrator\Desktop\shang\server\node_modules\egg-multipart\app\schedule\clean_tmpdir.js
2020-07-29 08:57:03,834 INFO 8460 [egg-schedule]: register schedule C:\Users\Administrator\Desktop\shang\server\node_modules\egg-logrotator\app\schedule\clean_log.js
2020-07-29 08:57:03,834 INFO 8460 [egg-schedule]: register schedule C:\Users\Administrator\Desktop\shang\server\node_modules\egg-logrotator\app\schedule\rotate_by_file.js
2020-07-29 08:57:36,882 INFO 6628 [Timer] C:\Users\Administrator\Desktop\shang\server\node_modules\egg-multipart\app\schedule\clean_tmpdir.js next time will execute after 70343167ms at 2020-07-30 04:30:00.049
2020-07-29 08:57:36,884 INFO 6628 [Timer] C:\Users\Administrator\Desktop\shang\server\node_modules\egg-logrotator\app\schedule\clean_log.js next time will execute after 54143117ms at 2020-07-30 00:00:00.001
2020-07-29 08:57:36,885 INFO 6628 [Timer] C:\Users\Administrator\Desktop\shang\server\node_modules\egg-logrotator\app\schedule\rotate_by_file.js next time will execute after 54144116ms at 2020-07-30 00:00:01.001
2020-07-30 08:37:44,186 INFO 2880 [egg-schedule]: register schedule C:\Users\Administrator\Desktop\shang\server\node_modules\egg-multipart\app\schedule\clean_tmpdir.js
2020-07-30 08:37:44,187 INFO 2880 [egg-schedule]: register schedule C:\Users\Administrator\Desktop\shang\server\node_modules\egg-logrotator\app\schedule\clean_log.js
2020-07-30 08:37:44,187 INFO 2880 [egg-schedule]: register schedule C:\Users\Administrator\Desktop\shang\server\node_modules\egg-logrotator\app\schedule\rotate_by_file.js
2020-07-30 08:38:20,061 INFO 8376 [egg-schedule]: register schedule C:\Users\Administrator\Desktop\shang\server\node_modules\egg-multipart\app\schedule\clean_tmpdir.js
2020-07-30 08:38:20,061 INFO 8376 [egg-schedule]: register schedule C:\Users\Administrator\Desktop\shang\server\node_modules\egg-logrotator\app\schedule\clean_log.js
2020-07-30 08:38:20,061 INFO 8376 [egg-schedule]: register schedule C:\Users\Administrator\Desktop\shang\server\node_modules\egg-logrotator\app\schedule\rotate_by_file.js
2020-07-30 08:41:05,745 INFO 7000 [egg-schedule]: register schedule C:\Users\Administrator\Desktop\shang\server\node_modules\egg-multipart\app\schedule\clean_tmpdir.js
2020-07-30 08:41:05,745 INFO 7000 [egg-schedule]: register schedule C:\Users\Administrator\Desktop\shang\server\node_modules\egg-logrotator\app\schedule\clean_log.js
2020-07-30 08:41:05,745 INFO 7000 [egg-schedule]: register schedule C:\Users\Administrator\Desktop\shang\server\node_modules\egg-logrotator\app\schedule\rotate_by_file.js
2020-07-30 08:41:06,908 INFO 8432 [Timer] C:\Users\Administrator\Desktop\shang\server\node_modules\egg-multipart\app\schedule\clean_tmpdir.js next time will execute after 71333097ms at 2020-07-31 04:30:00.005
2020-07-30 08:41:06,908 INFO 8432 [Timer] C:\Users\Administrator\Desktop\shang\server\node_modules\egg-logrotator\app\schedule\clean_log.js next time will execute after 55133092ms at 2020-07-31 00:00:00.000
2020-07-30 08:41:06,909 INFO 8432 [Timer] C:\Users\Administrator\Desktop\shang\server\node_modules\egg-logrotator\app\schedule\rotate_by_file.js next time will execute after 55134092ms at 2020-07-31 00:00:01.001
2020-07-31 08:35:46,792 INFO 4628 [egg-schedule]: register schedule C:\Users\Administrator\Desktop\shang\server\node_modules\egg-multipart\app\schedule\clean_tmpdir.js
2020-07-31 08:35:46,792 INFO 4628 [egg-schedule]: register schedule C:\Users\Administrator\Desktop\shang\server\node_modules\egg-logrotator\app\schedule\clean_log.js
2020-07-31 08:35:46,792 INFO 4628 [egg-schedule]: register schedule C:\Users\Administrator\Desktop\shang\server\node_modules\egg-logrotator\app\schedule\rotate_by_file.js
2020-07-31 08:36:34,616 INFO 4856 [Timer] C:\Users\Administrator\Desktop\shang\server\node_modules\egg-multipart\app\schedule\clean_tmpdir.js next time will execute after 71605397ms at 2020-08-01 04:30:00.013
2020-07-31 08:36:34,618 INFO 4856 [Timer] C:\Users\Administrator\Desktop\shang\server\node_modules\egg-logrotator\app\schedule\clean_log.js next time will execute after 55405384ms at 2020-08-01 00:00:00.002
2020-07-31 08:36:34,621 INFO 4856 [Timer] C:\Users\Administrator\Desktop\shang\server\node_modules\egg-logrotator\app\schedule\rotate_by_file.js next time will execute after 55406382ms at 2020-08-01 00:00:01.003
2020-07-31 08:36:15,561 INFO 8496 [egg-schedule]: register schedule C:\Users\Administrator\Desktop\shang\server\node_modules\egg-multipart\app\schedule\clean_tmpdir.js
2020-07-31 08:36:15,561 INFO 8496 [egg-schedule]: register schedule C:\Users\Administrator\Desktop\shang\server\node_modules\egg-logrotator\app\schedule\clean_log.js
2020-07-31 08:36:15,561 INFO 8496 [egg-schedule]: register schedule C:\Users\Administrator\Desktop\shang\server\node_modules\egg-logrotator\app\schedule\rotate_by_file.js
2020-07-31 08:37:17,228 INFO 1592 [egg-schedule]: register schedule C:\Users\Administrator\Desktop\shang\server\node_modules\egg-multipart\app\schedule\clean_tmpdir.js
2020-07-31 08:37:17,228 INFO 1592 [egg-schedule]: register schedule C:\Users\Administrator\Desktop\shang\server\node_modules\egg-logrotator\app\schedule\clean_log.js
2020-07-31 08:37:17,228 INFO 1592 [egg-schedule]: register schedule C:\Users\Administrator\Desktop\shang\server\node_modules\egg-logrotator\app\schedule\rotate_by_file.js
2020-08-03 08:37:38,745 INFO 7464 [egg-schedule]: register schedule C:\Users\Administrator\Desktop\shang\server\node_modules\egg-multipart\app\schedule\clean_tmpdir.js
2020-08-03 08:37:38,745 INFO 7464 [egg-schedule]: register schedule C:\Users\Administrator\Desktop\shang\server\node_modules\egg-logrotator\app\schedule\clean_log.js
2020-08-03 08:37:38,745 INFO 7464 [egg-schedule]: register schedule C:\Users\Administrator\Desktop\shang\server\node_modules\egg-logrotator\app\schedule\rotate_by_file.js
2020-08-03 08:37:38,743 INFO 5416 [egg-schedule]: register schedule C:\Users\Administrator\Desktop\shang\server\node_modules\egg-multipart\app\schedule\clean_tmpdir.js
2020-08-03 08:37:38,743 INFO 5416 [egg-schedule]: register schedule C:\Users\Administrator\Desktop\shang\server\node_modules\egg-logrotator\app\schedule\clean_log.js
2020-08-03 08:37:38,743 INFO 5416 [egg-schedule]: register schedule C:\Users\Administrator\Desktop\shang\server\node_modules\egg-logrotator\app\schedule\rotate_by_file.js
2020-08-03 08:38:20,013 INFO 2324 [Timer] C:\Users\Administrator\Desktop\shang\server\node_modules\egg-multipart\app\schedule\clean_tmpdir.js next time will execute after 71500017ms at 2020-08-04 04:30:00.030
2020-08-03 08:38:20,015 INFO 2324 [Timer] C:\Users\Administrator\Desktop\shang\server\node_modules\egg-logrotator\app\schedule\clean_log.js next time will execute after 55299987ms at 2020-08-04 00:00:00.002
2020-08-03 08:38:20,017 INFO 2324 [Timer] C:\Users\Administrator\Desktop\shang\server\node_modules\egg-logrotator\app\schedule\rotate_by_file.js next time will execute after 55300985ms at 2020-08-04 00:00:01.002
2020-08-03 08:38:22,585 INFO 5284 [egg-schedule]: register schedule C:\Users\Administrator\Desktop\shang\server\node_modules\egg-multipart\app\schedule\clean_tmpdir.js
2020-08-03 08:38:22,586 INFO 5284 [egg-schedule]: register schedule C:\Users\Administrator\Desktop\shang\server\node_modules\egg-logrotator\app\schedule\clean_log.js
2020-08-03 08:38:22,586 INFO 5284 [egg-schedule]: register schedule C:\Users\Administrator\Desktop\shang\server\node_modules\egg-logrotator\app\schedule\rotate_by_file.js
